thitipunsrinarmwong@Thitipuns-MacBook-Air SP-Lab-1 % gcc database.c readfile.c main.c -o workerDB
thitipunsrinarmwong@Thitipuns-MacBook-Air SP-Lab-1 % ./workerDB mediumEmp.txt                    
File mediumEmp.txt opened and read successfully.

Database Menu:
1. Print the Database
2. Lookup employee by ID
3. Lookup employee by last name
4. Add an Employee
5. Quit
Enter your choice: 1
+--------------------------------+------------+------------+
| NAME                           |     SALARY |         ID |
+--------------------------------+------------+------------+
| Karyn Jewson                   |      60000 |     122090 |
| Celka Longman                  |     114000 |     162531 |
| Cathryn Danner                 |      72000 |     165417 |
| Jorry Haskey                   |      88000 |     175935 |
| Laura Stillert                 |     131000 |     195185 |
| Matt Meeden                    |      69000 |     273225 |
| Kevin Ngyuen                   |      82000 |     283512 |
| Nydia Flounders                |      38000 |     382852 |
| Lolita Ledwidge                |      56000 |     411730 |
| Erek Karolowski                |      98000 |     463121 |
| Robert Dufour                  |      91000 |     471163 |
| Dylan Steinberg                |      84000 |     485913 |
| Elsey Baunton                  |      64000 |     494508 |
| Mike Griffin                   |      72000 |     499959 |
| Daniel McNamee                 |      71000 |     547935 |
| Peter Olsen                    |      82000 |     553997 |
| Gaynor Viollet                 |     133000 |     585343 |
| Martine Marshall               |      99000 |     633976 |
| Jean Jones                     |      94000 |     702234 |
| Goddard Waller                 |      51000 |     783618 |
| Dana Parrish                   |      87000 |     784372 |
| Ann Ngyuen                     |      82000 |     786785 |
| Innis Prozescky                |      36000 |     824552 |
| Melissa Dufour                 |     114000 |     849387 |
| Bealle Itzkovitch              |      77000 |     852457 |
| Heather James                  |      98000 |     935460 |
| Russ Vorobiev                  |     109000 |     970016 |
+--------------------------------+------------+------------+
Number of Employees: 27

Database Menu:
1. Print the Database
2. Lookup employee by ID
3. Lookup employee by last name
4. Add an Employee
5. Quit
Enter your choice: 2
Enter ID: 1
Invalid ID. Please enter an ID between 100000 and 999999.

Database Menu:
1. Print the Database
2. Lookup employee by ID
3. Lookup employee by last name
4. Add an Employee
5. Quit
Enter your choice: 2
Enter ID: 553997  
-------------------------
Name: Peter Olsen
Salary: 82000
ID: 553997
-------------------------

Database Menu:
1. Print the Database
2. Lookup employee by ID
3. Lookup employee by last name
4. Add an Employee
5. Quit
Enter your choice: 2
Enter ID: 123456
Employee with ID 123456 not found.

Database Menu:
1. Print the Database
2. Lookup employee by ID
3. Lookup employee by last name
4. Add an Employee
5. Quit
Enter your choice: 3
Enter Last Name: Hello
Employee with Last Name Hello not found.

Database Menu:
1. Print the Database
2. Lookup employee by ID
3. Lookup employee by last name
4. Add an Employee
5. Quit
Enter your choice: 3
Enter Last Name: Karolowski
-------------------------
Name: Erek Karolowski
Salary: 98000
ID: 463121
-------------------------

Database Menu:
1. Print the Database
2. Lookup employee by ID
3. Lookup employee by last name
4. Add an Employee
5. Quit
Enter your choice: 3
Enter Last Name: Ngyuen
-------------------------
Name: Ann Ngyuen
Salary: 82000
ID: 786785
-------------------------

Database Menu:
1. Print the Database
2. Lookup employee by ID
3. Lookup employee by last name
4. Add an Employee
5. Quit
Enter your choice: 4
Enter employee's first name (Max length 63): Hello
Enter employee's last name (Max length 63): Kitty
Enter employee's salary (between 30000 and 150000): 35000

New Employee Details:
Name: Hello Kitty
Salary: 35000
ID: 970017

Do you want to add this employee? (1 for Yes, 0 for No): 1
Employee added successfully!

Database Menu:
1. Print the Database
2. Lookup employee by ID
3. Lookup employee by last name
4. Add an Employee
5. Quit
Enter your choice: 1
+--------------------------------+------------+------------+
| NAME                           |     SALARY |         ID |
+--------------------------------+------------+------------+
| Karyn Jewson                   |      60000 |     122090 |
| Celka Longman                  |     114000 |     162531 |
| Cathryn Danner                 |      72000 |     165417 |
| Jorry Haskey                   |      88000 |     175935 |
| Laura Stillert                 |     131000 |     195185 |
| Matt Meeden                    |      69000 |     273225 |
| Kevin Ngyuen                   |      82000 |     283512 |
| Nydia Flounders                |      38000 |     382852 |
| Lolita Ledwidge                |      56000 |     411730 |
| Erek Karolowski                |      98000 |     463121 |
| Robert Dufour                  |      91000 |     471163 |
| Dylan Steinberg                |      84000 |     485913 |
| Elsey Baunton                  |      64000 |     494508 |
| Mike Griffin                   |      72000 |     499959 |
| Daniel McNamee                 |      71000 |     547935 |
| Peter Olsen                    |      82000 |     553997 |
| Gaynor Viollet                 |     133000 |     585343 |
| Martine Marshall               |      99000 |     633976 |
| Jean Jones                     |      94000 |     702234 |
| Goddard Waller                 |      51000 |     783618 |
| Dana Parrish                   |      87000 |     784372 |
| Ann Ngyuen                     |      82000 |     786785 |
| Innis Prozescky                |      36000 |     824552 |
| Melissa Dufour                 |     114000 |     849387 |
| Bealle Itzkovitch              |      77000 |     852457 |
| Heather James                  |      98000 |     935460 |
| Russ Vorobiev                  |     109000 |     970016 |
| Hello Kitty                    |      35000 |     970017 |
+--------------------------------+------------+------------+
Number of Employees: 28

Database Menu:
1. Print the Database
2. Lookup employee by ID
3. Lookup employee by last name
4. Add an Employee
5. Quit
Enter your choice: 4
Enter employee's first name (Max length 63): Hola
Enter employee's last name (Max length 63): Gato
Enter employee's salary (between 30000 and 150000): 1
Invalid salary. Please enter again.
Enter employee's salary (between 30000 and 150000): 15000000
Invalid salary. Please enter again.
Enter employee's salary (between 30000 and 150000): 66666

New Employee Details:
Name: Hola Gato
Salary: 66666
ID: 970018

Do you want to add this employee? (1 for Yes, 0 for No): 0
Employee addition canceled.

Database Menu:
1. Print the Database
2. Lookup employee by ID
3. Lookup employee by last name
4. Add an Employee
5. Quit
Enter your choice: 5
Exiting...
Thank you for using the Employee Database system.
Good Bye.